Using pre-set license
Built from '2020.3/staging' branch; Version is '2020.3.19f1 (68f137dc9bbe) revision 6877495'; Using compiler version '192528614'; Build Type 'Release'
OS: 'Windows 10 Home; OS build 22621.2134; Version 2009; 64bit' Language: 'en' Physical Memory: 16002 MB
BatchMode: 1, IsHumanControllingUs: 0, StartBugReporterOnCrash: 0, Is64bit: 1, IsPro: 0

COMMAND LINE ARGUMENTS:
C:\Program Files\Unity\Hub\Editor\2020.3.19f1\Editor\Unity.exe
-adb2
-batchMode
-noUpm
-name
AssetImportWorker0
-projectPath
C:/Users/gianl/OneDrive/Escritorio/Unity/Artillery/ARTILLERY
-logFile
Logs/AssetImportWorker0.log
-srvPort
64822
Successfully changed project path to: C:/Users/gianl/OneDrive/Escritorio/Unity/Artillery/ARTILLERY
C:/Users/gianl/OneDrive/Escritorio/Unity/Artillery/ARTILLERY
Using Asset Import Pipeline V2.
Refreshing native plugins compatible for Editor in 45.81 ms, found 2 plugins.
Preloading 0 native plugins for Editor in 0.00 ms.
Initialize engine version: 2020.3.19f1 (68f137dc9bbe)
[Subsystems] Discovering subsystems at path C:/Program Files/Unity/Hub/Editor/2020.3.19f1/Editor/Data/Resources/UnitySubsystems
[Subsystems] Discovering subsystems at path C:/Users/gianl/OneDrive/Escritorio/Unity/Artillery/ARTILLERY/Assets
GfxDevice: creating device client; threaded=0
Direct3D:
    Version:  Direct3D 11.0 [level 11.1]
    Renderer: NVIDIA GeForce RTX 4050 Laptop GPU (ID=0x28e1)
    Vendor:   
    VRAM:     5935 MB
    Driver:   31.0.15.3645
Initialize mono
Mono path[0] = 'C:/Program Files/Unity/Hub/Editor/2020.3.19f1/Editor/Data/Managed'
Mono path[1] = 'C:/Program Files/Unity/Hub/Editor/2020.3.19f1/Editor/Data/MonoBleedingEdge/lib/mono/unityjit'
Mono config path = 'C:/Program Files/Unity/Hub/Editor/2020.3.19f1/Editor/Data/MonoBleedingEdge/etc'
Using monoOptions --debugger-agent=transport=dt_socket,embedding=1,server=y,suspend=n,address=127.0.0.1:56784
Begin MonoManager ReloadAssembly
Registering precompiled unity dll's ...
Register platform support module: C:/Program Files/Unity/Hub/Editor/2020.3.19f1/Editor/Data/PlaybackEngines/WebGLSupport/UnityEditor.WebGL.Extensions.dll
Register platform support module: C:/Program Files/Unity/Hub/Editor/2020.3.19f1/Editor/Data/PlaybackEngines/WindowsStandaloneSupport/UnityEditor.WindowsStandalone.Extensions.dll
Registered in 0.000893 seconds.
Native extension for WindowsStandalone target not found
Native extension for WebGL target not found
Refreshing native plugins compatible for Editor in 27.71 ms, found 2 plugins.
Preloading 0 native plugins for Editor in 0.00 ms.
Mono: successfully reloaded assembly
- Completed reload, in  0.951 seconds
Domain Reload Profiling:
	ReloadAssembly (951ms)
		BeginReloadAssembly (27ms)
			ExecutionOrderSort (0ms)
			DisableScriptedObjects (0ms)
			BackupInstance (0ms)
			ReleaseScriptingObjects (0ms)
			CreateAndSetChildDomain (0ms)
		EndReloadAssembly (213ms)
			LoadAssemblies (26ms)
			RebuildTransferFunctionScriptingTraits (0ms)
			SetupTypeCache (70ms)
			ReleaseScriptCaches (0ms)
			RebuildScriptCaches (16ms)
			SetupLoadedEditorAssemblies (90ms)
				LogAssemblyErrors (0ms)
				InitializePlatformSupportModulesInManaged (2ms)
				SetLoadedEditorAssemblies (0ms)
				RefreshPlugins (28ms)
				BeforeProcessingInitializeOnLoad (5ms)
				ProcessInitializeOnLoadAttributes (40ms)
				ProcessInitializeOnLoadMethodAttributes (15ms)
				AfterProcessingInitializeOnLoad (0ms)
				EditorAssembliesLoaded (0ms)
			ExecutionOrderSort2 (0ms)
			AwakeInstancesAfterBackupRestoration (0ms)
Platform modules already initialized, skipping
Registering precompiled user dll's ...
Registered in 0.002166 seconds.
Begin MonoManager ReloadAssembly
Native extension for WindowsStandalone target not found
Native extension for WebGL target not found
Refreshing native plugins compatible for Editor in 31.04 ms, found 2 plugins.
Preloading 0 native plugins for Editor in 0.00 ms.
Mono: successfully reloaded assembly
- Completed reload, in  0.612 seconds
Domain Reload Profiling:
	ReloadAssembly (613ms)
		BeginReloadAssembly (70ms)
			ExecutionOrderSort (0ms)
			DisableScriptedObjects (3ms)
			BackupInstance (0ms)
			ReleaseScriptingObjects (0ms)
			CreateAndSetChildDomain (11ms)
		EndReloadAssembly (512ms)
			LoadAssemblies (46ms)
			RebuildTransferFunctionScriptingTraits (0ms)
			SetupTypeCache (185ms)
			ReleaseScriptCaches (0ms)
			RebuildScriptCaches (27ms)
			SetupLoadedEditorAssemblies (191ms)
				LogAssemblyErrors (0ms)
				InitializePlatformSupportModulesInManaged (3ms)
				SetLoadedEditorAssemblies (0ms)
				RefreshPlugins (31ms)
				BeforeProcessingInitializeOnLoad (42ms)
				ProcessInitializeOnLoadAttributes (110ms)
				ProcessInitializeOnLoadMethodAttributes (3ms)
				AfterProcessingInitializeOnLoad (2ms)
				EditorAssembliesLoaded (0ms)
			ExecutionOrderSort2 (0ms)
			AwakeInstancesAfterBackupRestoration (4ms)
Platform modules already initialized, skipping
========================================================================
Worker process is ready to serve import requests
Launched and connected shader compiler UnityShaderCompiler.exe after 0.04 seconds
Refreshing native plugins compatible for Editor in 0.36 ms, found 2 plugins.
Preloading 0 native plugins for Editor in 0.00 ms.
Unloading 3120 Unused Serialized files (Serialized files now loaded: 0)
System memory in use before: 141.6 MB.
System memory in use after: 141.8 MB.

Unloading 17 unused Assets to reduce memory usage. Loaded Objects now: 3558.
Total: 1.938600 ms (FindLiveObjects: 0.149700 ms CreateObjectMapping: 0.038900 ms MarkObjects: 1.673600 ms  DeleteObjects: 0.075600 ms)

AssetImportParameters requested are different than current active one (requested -> active):
  custom:framework-win-MediaFoundation: 216162199b28c13a410421893ffa2e32 -> 
  custom:video-decoder-ogg-theora: a1e56fd34408186e4bbccfd4996cb3dc -> 
  custom:container-muxer-webm: aa71ff27fc2769a1b78a27578f13a17b -> 
  custom:container-demuxer-webm: 4f35f7cbe854078d1ac9338744f61a02 -> 
  custom:container-demuxer-ogg: 62fdf1f143b41e24485cea50d1cbac27 -> 
  custom:video-encoder-webm-vp8: eb34c28f22e8b96e1ab97ce403110664 -> 
  custom:video-codec-MediaFoundation-h265: 746d11721c4dcdbdad8f713fa42b33f4 -> 
  custom:video-decoder-webm-vp8: 9c59270c3fd7afecdb556c50c9e8de78 -> 
  custom:audio-decoder-ogg-vorbis: bf7c407c2cedff20999df2af8eb42d56 -> 
  custom:audio-encoder-webm-vorbis: bf7c407c2cedff20999df2af8eb42d56 -> 
========================================================================
Received Import Request.
  path: Assets/_Particles/Particulas_Disparo.prefab
  artifactKey: Guid(f0ca28f116632b04e83c4363ba1e0d63) Importer(815301076,1909f56bfc062723c751e8b465ee728b)
Start importing Assets/_Particles/Particulas_Disparo.prefab using Guid(f0ca28f116632b04e83c4363ba1e0d63) Importer(815301076,1909f56bfc062723c751e8b465ee728b)  -> (artifact id: '378e6739172b8e12a651054f13aa8d16') in 0.065395 seconds 
  Import took 0.068124 seconds .

========================================================================
Received Prepare
Registering precompiled user dll's ...
Registered in 0.001656 seconds.
Begin MonoManager ReloadAssembly
Native extension for WindowsStandalone target not found
Native extension for WebGL target not found
Refreshing native plugins compatible for Editor in 0.39 ms, found 2 plugins.
Preloading 0 native plugins for Editor in 0.00 ms.
Mono: successfully reloaded assembly
- Completed reload, in  0.691 seconds
Domain Reload Profiling:
	ReloadAssembly (691ms)
		BeginReloadAssembly (77ms)
			ExecutionOrderSort (0ms)
			DisableScriptedObjects (2ms)
			BackupInstance (0ms)
			ReleaseScriptingObjects (0ms)
			CreateAndSetChildDomain (26ms)
		EndReloadAssembly (577ms)
			LoadAssemblies (54ms)
			RebuildTransferFunctionScriptingTraits (0ms)
			SetupTypeCache (284ms)
			ReleaseScriptCaches (1ms)
			RebuildScriptCaches (24ms)
			SetupLoadedEditorAssemblies (163ms)
				LogAssemblyErrors (0ms)
				InitializePlatformSupportModulesInManaged (3ms)
				SetLoadedEditorAssemblies (0ms)
				RefreshPlugins (0ms)
				BeforeProcessingInitializeOnLoad (37ms)
				ProcessInitializeOnLoadAttributes (118ms)
				ProcessInitializeOnLoadMethodAttributes (2ms)
				AfterProcessingInitializeOnLoad (2ms)
				EditorAssembliesLoaded (0ms)
			ExecutionOrderSort2 (0ms)
			AwakeInstancesAfterBackupRestoration (3ms)
Platform modules already initialized, skipping
Refreshing native plugins compatible for Editor in 0.37 ms, found 2 plugins.
Preloading 0 native plugins for Editor in 0.00 ms.
Unloading 3010 Unused Serialized files (Serialized files now loaded: 0)
System memory in use before: 134.1 MB.
System memory in use after: 134.2 MB.

Unloading 15 unused Assets to reduce memory usage. Loaded Objects now: 3568.
Total: 2.212000 ms (FindLiveObjects: 0.163400 ms CreateObjectMapping: 0.050400 ms MarkObjects: 1.913100 ms  DeleteObjects: 0.083300 ms)

AssetImportParameters requested are different than current active one (requested -> active):
  custom:framework-win-MediaFoundation: 216162199b28c13a410421893ffa2e32 -> 
  custom:video-decoder-ogg-theora: a1e56fd34408186e4bbccfd4996cb3dc -> 
  custom:container-muxer-webm: aa71ff27fc2769a1b78a27578f13a17b -> 
  custom:container-demuxer-webm: 4f35f7cbe854078d1ac9338744f61a02 -> 
  custom:container-demuxer-ogg: 62fdf1f143b41e24485cea50d1cbac27 -> 
  custom:video-encoder-webm-vp8: eb34c28f22e8b96e1ab97ce403110664 -> 
  custom:video-codec-MediaFoundation-h265: 746d11721c4dcdbdad8f713fa42b33f4 -> 
  custom:video-decoder-webm-vp8: 9c59270c3fd7afecdb556c50c9e8de78 -> 
  custom:audio-decoder-ogg-vorbis: bf7c407c2cedff20999df2af8eb42d56 -> 
  custom:audio-encoder-webm-vorbis: bf7c407c2cedff20999df2af8eb42d56 -> 
========================================================================
Received Import Request.
  Time since last request: 201.137042 seconds.
  path: Assets/Scripts/Canon.cs
  artifactKey: Guid(86ac5917f95ece642ad464cf067a1a73) Importer(815301076,1909f56bfc062723c751e8b465ee728b)
Start importing Assets/Scripts/Canon.cs using Guid(86ac5917f95ece642ad464cf067a1a73) Importer(815301076,1909f56bfc062723c751e8b465ee728b)  -> (artifact id: 'fefdc406cb9b2f008a7890888342b39d') in 0.006976 seconds 
  Import took 0.010640 seconds .

========================================================================
Received Prepare
Registering precompiled user dll's ...
Registered in 0.001701 seconds.
Begin MonoManager ReloadAssembly
Native extension for WindowsStandalone target not found
Native extension for WebGL target not found
Refreshing native plugins compatible for Editor in 0.37 ms, found 2 plugins.
Preloading 0 native plugins for Editor in 0.00 ms.
Mono: successfully reloaded assembly
- Completed reload, in  0.775 seconds
Domain Reload Profiling:
	ReloadAssembly (776ms)
		BeginReloadAssembly (130ms)
			ExecutionOrderSort (0ms)
			DisableScriptedObjects (4ms)
			BackupInstance (0ms)
			ReleaseScriptingObjects (0ms)
			CreateAndSetChildDomain (41ms)
		EndReloadAssembly (580ms)
			LoadAssemblies (98ms)
			RebuildTransferFunctionScriptingTraits (0ms)
			SetupTypeCache (201ms)
			ReleaseScriptCaches (1ms)
			RebuildScriptCaches (27ms)
			SetupLoadedEditorAssemblies (228ms)
				LogAssemblyErrors (0ms)
				InitializePlatformSupportModulesInManaged (3ms)
				SetLoadedEditorAssemblies (0ms)
				RefreshPlugins (0ms)
				BeforeProcessingInitializeOnLoad (43ms)
				ProcessInitializeOnLoadAttributes (177ms)
				ProcessInitializeOnLoadMethodAttributes (2ms)
				AfterProcessingInitializeOnLoad (2ms)
				EditorAssembliesLoaded (0ms)
			ExecutionOrderSort2 (0ms)
			AwakeInstancesAfterBackupRestoration (3ms)
Platform modules already initialized, skipping
Refreshing native plugins compatible for Editor in 0.50 ms, found 2 plugins.
Preloading 0 native plugins for Editor in 0.00 ms.
Unloading 3010 Unused Serialized files (Serialized files now loaded: 0)
System memory in use before: 134.1 MB.
System memory in use after: 134.3 MB.

Unloading 13 unused Assets to reduce memory usage. Loaded Objects now: 3571.
Total: 1.909800 ms (FindLiveObjects: 0.130800 ms CreateObjectMapping: 0.035100 ms MarkObjects: 1.688800 ms  DeleteObjects: 0.053900 ms)

AssetImportParameters requested are different than current active one (requested -> active):
  custom:framework-win-MediaFoundation: 216162199b28c13a410421893ffa2e32 -> 
  custom:video-decoder-ogg-theora: a1e56fd34408186e4bbccfd4996cb3dc -> 
  custom:container-muxer-webm: aa71ff27fc2769a1b78a27578f13a17b -> 
  custom:container-demuxer-webm: 4f35f7cbe854078d1ac9338744f61a02 -> 
  custom:container-demuxer-ogg: 62fdf1f143b41e24485cea50d1cbac27 -> 
  custom:video-encoder-webm-vp8: eb34c28f22e8b96e1ab97ce403110664 -> 
  custom:video-codec-MediaFoundation-h265: 746d11721c4dcdbdad8f713fa42b33f4 -> 
  custom:video-decoder-webm-vp8: 9c59270c3fd7afecdb556c50c9e8de78 -> 
  custom:audio-decoder-ogg-vorbis: bf7c407c2cedff20999df2af8eb42d56 -> 
  custom:audio-encoder-webm-vorbis: bf7c407c2cedff20999df2af8eb42d56 -> 
========================================================================
Received Import Request.
  Time since last request: 394.597522 seconds.
  path: Assets/Scripts/Canon.cs
  artifactKey: Guid(86ac5917f95ece642ad464cf067a1a73) Importer(815301076,1909f56bfc062723c751e8b465ee728b)
Start importing Assets/Scripts/Canon.cs using Guid(86ac5917f95ece642ad464cf067a1a73) Importer(815301076,1909f56bfc062723c751e8b465ee728b)  -> (artifact id: '919299e4311c3cde4489e97b97e7d888') in 0.002845 seconds 
  Import took 0.006305 seconds .

========================================================================
Received Prepare
Registering precompiled user dll's ...
Registered in 0.001612 seconds.
Begin MonoManager ReloadAssembly
Native extension for WindowsStandalone target not found
Native extension for WebGL target not found
Refreshing native plugins compatible for Editor in 0.39 ms, found 2 plugins.
Preloading 0 native plugins for Editor in 0.00 ms.
Mono: successfully reloaded assembly
- Completed reload, in  0.534 seconds
Domain Reload Profiling:
	ReloadAssembly (534ms)
		BeginReloadAssembly (73ms)
			ExecutionOrderSort (0ms)
			DisableScriptedObjects (2ms)
			BackupInstance (0ms)
			ReleaseScriptingObjects (0ms)
			CreateAndSetChildDomain (20ms)
		EndReloadAssembly (430ms)
			LoadAssemblies (49ms)
			RebuildTransferFunctionScriptingTraits (0ms)
			SetupTypeCache (146ms)
			ReleaseScriptCaches (1ms)
			RebuildScriptCaches (26ms)
			SetupLoadedEditorAssemblies (158ms)
				LogAssemblyErrors (0ms)
				InitializePlatformSupportModulesInManaged (4ms)
				SetLoadedEditorAssemblies (0ms)
				RefreshPlugins (0ms)
				BeforeProcessingInitializeOnLoad (36ms)
				ProcessInitializeOnLoadAttributes (113ms)
				ProcessInitializeOnLoadMethodAttributes (2ms)
				AfterProcessingInitializeOnLoad (2ms)
				EditorAssembliesLoaded (0ms)
			ExecutionOrderSort2 (0ms)
			AwakeInstancesAfterBackupRestoration (4ms)
Platform modules already initialized, skipping
Refreshing native plugins compatible for Editor in 0.36 ms, found 2 plugins.
Preloading 0 native plugins for Editor in 0.00 ms.
Unloading 3010 Unused Serialized files (Serialized files now loaded: 0)
System memory in use before: 134.1 MB.
System memory in use after: 134.3 MB.

Unloading 13 unused Assets to reduce memory usage. Loaded Objects now: 3574.
Total: 1.833500 ms (FindLiveObjects: 0.131300 ms CreateObjectMapping: 0.037500 ms MarkObjects: 1.608100 ms  DeleteObjects: 0.055900 ms)

AssetImportParameters requested are different than current active one (requested -> active):
  custom:framework-win-MediaFoundation: 216162199b28c13a410421893ffa2e32 -> 
  custom:video-decoder-ogg-theora: a1e56fd34408186e4bbccfd4996cb3dc -> 
  custom:container-muxer-webm: aa71ff27fc2769a1b78a27578f13a17b -> 
  custom:container-demuxer-webm: 4f35f7cbe854078d1ac9338744f61a02 -> 
  custom:container-demuxer-ogg: 62fdf1f143b41e24485cea50d1cbac27 -> 
  custom:video-encoder-webm-vp8: eb34c28f22e8b96e1ab97ce403110664 -> 
  custom:video-codec-MediaFoundation-h265: 746d11721c4dcdbdad8f713fa42b33f4 -> 
  custom:video-decoder-webm-vp8: 9c59270c3fd7afecdb556c50c9e8de78 -> 
  custom:audio-decoder-ogg-vorbis: bf7c407c2cedff20999df2af8eb42d56 -> 
  custom:audio-encoder-webm-vorbis: bf7c407c2cedff20999df2af8eb42d56 -> 
========================================================================
Received Import Request.
  Time since last request: 8.379491 seconds.
  path: Assets/Scripts/Canon.cs
  artifactKey: Guid(86ac5917f95ece642ad464cf067a1a73) Importer(815301076,1909f56bfc062723c751e8b465ee728b)
Start importing Assets/Scripts/Canon.cs using Guid(86ac5917f95ece642ad464cf067a1a73) Importer(815301076,1909f56bfc062723c751e8b465ee728b)  -> (artifact id: 'bd560071441f4ac99da425caebf8d62a') in 0.002701 seconds 
  Import took 0.008360 seconds .

========================================================================
Received Prepare
Registering precompiled user dll's ...
Registered in 0.001717 seconds.
Begin MonoManager ReloadAssembly
Native extension for WindowsStandalone target not found
Native extension for WebGL target not found
Refreshing native plugins compatible for Editor in 0.50 ms, found 2 plugins.
Preloading 0 native plugins for Editor in 0.00 ms.
Mono: successfully reloaded assembly
- Completed reload, in  0.772 seconds
Domain Reload Profiling:
	ReloadAssembly (773ms)
		BeginReloadAssembly (83ms)
			ExecutionOrderSort (0ms)
			DisableScriptedObjects (4ms)
			BackupInstance (0ms)
			ReleaseScriptingObjects (0ms)
			CreateAndSetChildDomain (25ms)
		EndReloadAssembly (660ms)
			LoadAssemblies (51ms)
			RebuildTransferFunctionScriptingTraits (0ms)
			SetupTypeCache (244ms)
			ReleaseScriptCaches (1ms)
			RebuildScriptCaches (33ms)
			SetupLoadedEditorAssemblies (273ms)
				LogAssemblyErrors (0ms)
				InitializePlatformSupportModulesInManaged (7ms)
				SetLoadedEditorAssemblies (0ms)
				RefreshPlugins (1ms)
				BeforeProcessingInitializeOnLoad (69ms)
				ProcessInitializeOnLoadAttributes (193ms)
				ProcessInitializeOnLoadMethodAttributes (2ms)
				AfterProcessingInitializeOnLoad (2ms)
				EditorAssembliesLoaded (0ms)
			ExecutionOrderSort2 (0ms)
			AwakeInstancesAfterBackupRestoration (3ms)
Platform modules already initialized, skipping
Refreshing native plugins compatible for Editor in 0.38 ms, found 2 plugins.
Preloading 0 native plugins for Editor in 0.00 ms.
Unloading 3010 Unused Serialized files (Serialized files now loaded: 0)
System memory in use before: 134.2 MB.
System memory in use after: 134.3 MB.

Unloading 13 unused Assets to reduce memory usage. Loaded Objects now: 3577.
Total: 1.901200 ms (FindLiveObjects: 0.170400 ms CreateObjectMapping: 0.038600 ms MarkObjects: 1.634900 ms  DeleteObjects: 0.056500 ms)

AssetImportParameters requested are different than current active one (requested -> active):
  custom:framework-win-MediaFoundation: 216162199b28c13a410421893ffa2e32 -> 
  custom:video-decoder-ogg-theora: a1e56fd34408186e4bbccfd4996cb3dc -> 
  custom:container-muxer-webm: aa71ff27fc2769a1b78a27578f13a17b -> 
  custom:container-demuxer-webm: 4f35f7cbe854078d1ac9338744f61a02 -> 
  custom:container-demuxer-ogg: 62fdf1f143b41e24485cea50d1cbac27 -> 
  custom:video-encoder-webm-vp8: eb34c28f22e8b96e1ab97ce403110664 -> 
  custom:video-codec-MediaFoundation-h265: 746d11721c4dcdbdad8f713fa42b33f4 -> 
  custom:video-decoder-webm-vp8: 9c59270c3fd7afecdb556c50c9e8de78 -> 
  custom:audio-decoder-ogg-vorbis: bf7c407c2cedff20999df2af8eb42d56 -> 
  custom:audio-encoder-webm-vorbis: bf7c407c2cedff20999df2af8eb42d56 -> 
========================================================================
Received Import Request.
  Time since last request: 63.363650 seconds.
  path: Assets/_Particles/Particulas_Disparo.prefab
  artifactKey: Guid(f0ca28f116632b04e83c4363ba1e0d63) Importer(815301076,1909f56bfc062723c751e8b465ee728b)
Start importing Assets/_Particles/Particulas_Disparo.prefab using Guid(f0ca28f116632b04e83c4363ba1e0d63) Importer(815301076,1909f56bfc062723c751e8b465ee728b)  -> (artifact id: 'd97f13687835e23bb55edfc05565fa04') in 0.056348 seconds 
  Import took 0.060291 seconds .

========================================================================
Received Prepare
Registering precompiled user dll's ...
Registered in 0.001944 seconds.
Begin MonoManager ReloadAssembly
Native extension for WindowsStandalone target not found
Native extension for WebGL target not found
Refreshing native plugins compatible for Editor in 0.38 ms, found 2 plugins.
Preloading 0 native plugins for Editor in 0.00 ms.
Mono: successfully reloaded assembly
- Completed reload, in  0.549 seconds
Domain Reload Profiling:
	ReloadAssembly (549ms)
		BeginReloadAssembly (76ms)
			ExecutionOrderSort (0ms)
			DisableScriptedObjects (2ms)
			BackupInstance (0ms)
			ReleaseScriptingObjects (0ms)
			CreateAndSetChildDomain (23ms)
		EndReloadAssembly (431ms)
			LoadAssemblies (62ms)
			RebuildTransferFunctionScriptingTraits (0ms)
			SetupTypeCache (152ms)
			ReleaseScriptCaches (1ms)
			RebuildScriptCaches (20ms)
			SetupLoadedEditorAssemblies (152ms)
				LogAssemblyErrors (0ms)
				InitializePlatformSupportModulesInManaged (3ms)
				SetLoadedEditorAssemblies (0ms)
				RefreshPlugins (0ms)
				BeforeProcessingInitializeOnLoad (34ms)
				ProcessInitializeOnLoadAttributes (110ms)
				ProcessInitializeOnLoadMethodAttributes (2ms)
				AfterProcessingInitializeOnLoad (2ms)
				EditorAssembliesLoaded (0ms)
			ExecutionOrderSort2 (0ms)
			AwakeInstancesAfterBackupRestoration (3ms)
Platform modules already initialized, skipping
Refreshing native plugins compatible for Editor in 0.38 ms, found 2 plugins.
Preloading 0 native plugins for Editor in 0.00 ms.
Unloading 3010 Unused Serialized files (Serialized files now loaded: 0)
System memory in use before: 134.2 MB.
System memory in use after: 134.4 MB.

Unloading 15 unused Assets to reduce memory usage. Loaded Objects now: 3581.
Total: 2.001500 ms (FindLiveObjects: 0.171900 ms CreateObjectMapping: 0.043400 ms MarkObjects: 1.719700 ms  DeleteObjects: 0.065400 ms)

AssetImportParameters requested are different than current active one (requested -> active):
  custom:framework-win-MediaFoundation: 216162199b28c13a410421893ffa2e32 -> 
  custom:video-decoder-ogg-theora: a1e56fd34408186e4bbccfd4996cb3dc -> 
  custom:container-muxer-webm: aa71ff27fc2769a1b78a27578f13a17b -> 
  custom:container-demuxer-webm: 4f35f7cbe854078d1ac9338744f61a02 -> 
  custom:container-demuxer-ogg: 62fdf1f143b41e24485cea50d1cbac27 -> 
  custom:video-encoder-webm-vp8: eb34c28f22e8b96e1ab97ce403110664 -> 
  custom:video-codec-MediaFoundation-h265: 746d11721c4dcdbdad8f713fa42b33f4 -> 
  custom:video-decoder-webm-vp8: 9c59270c3fd7afecdb556c50c9e8de78 -> 
  custom:audio-decoder-ogg-vorbis: bf7c407c2cedff20999df2af8eb42d56 -> 
  custom:audio-encoder-webm-vorbis: bf7c407c2cedff20999df2af8eb42d56 -> 
========================================================================
Received Import Request.
  Time since last request: 92.481039 seconds.
  path: Assets/_ShaderGraphs
  artifactKey: Guid(52144bf4350b67f4c997364e9c7bf618) Importer(815301076,1909f56bfc062723c751e8b465ee728b)
Start importing Assets/_ShaderGraphs using Guid(52144bf4350b67f4c997364e9c7bf618) Importer(815301076,1909f56bfc062723c751e8b465ee728b)  -> (artifact id: 'c00587b41386551f1e6865de48cf2b9a') in 0.005156 seconds 
  Import took 0.011129 seconds .

========================================================================
Received Import Request.
  Time since last request: 44.503991 seconds.
  path: Assets/_ShaderGraphs/ShaderGraphBala.shadergraph
  artifactKey: Guid(f3f7aae063f261b4e82a26986eb9e7de) Importer(815301076,1909f56bfc062723c751e8b465ee728b)
Start importing Assets/_ShaderGraphs/ShaderGraphBala.shadergraph using Guid(f3f7aae063f261b4e82a26986eb9e7de) Importer(815301076,1909f56bfc062723c751e8b465ee728b)  -> (artifact id: 'f3a05b08e4842e52c8a73d8c15a49361') in 0.015465 seconds 
  Import took 0.019491 seconds .

========================================================================
Received Import Request.
  Time since last request: 63.755961 seconds.
  path: Assets/_Textures
  artifactKey: Guid(8121d61a536aba947be1b7b7156c4194) Importer(815301076,1909f56bfc062723c751e8b465ee728b)
Start importing Assets/_Textures using Guid(8121d61a536aba947be1b7b7156c4194) Importer(815301076,1909f56bfc062723c751e8b465ee728b)  -> (artifact id: '9c6d41878087b711e0ceba511c384c7c') in 0.002019 seconds 
  Import took 0.010732 seconds .

========================================================================
Received Import Request.
  Time since last request: 576.403938 seconds.
  path: Assets/_ShaderGraphs/ShaderGraphBala.shadergraph
  artifactKey: Guid(f3f7aae063f261b4e82a26986eb9e7de) Importer(815301076,1909f56bfc062723c751e8b465ee728b)
Start importing Assets/_ShaderGraphs/ShaderGraphBala.shadergraph using Guid(f3f7aae063f261b4e82a26986eb9e7de) Importer(815301076,1909f56bfc062723c751e8b465ee728b)  -> (artifact id: 'd647c3448b6a3595bd23a7b7b060202f') in 0.002343 seconds 
  Import took 0.008811 seconds .

========================================================================
Received Import Request.
  Time since last request: 433.554321 seconds.
  path: Assets/_ShaderGraphs/ShaderGraphBala.shadergraph
  artifactKey: Guid(f3f7aae063f261b4e82a26986eb9e7de) Importer(815301076,1909f56bfc062723c751e8b465ee728b)
Start importing Assets/_ShaderGraphs/ShaderGraphBala.shadergraph using Guid(f3f7aae063f261b4e82a26986eb9e7de) Importer(815301076,1909f56bfc062723c751e8b465ee728b)  -> (artifact id: 'ac50c4f57130668983c96540305e9181') in 0.004361 seconds 
  Import took 0.012767 seconds .

========================================================================
Received Import Request.
  Time since last request: 210.852949 seconds.
  path: Assets/_prefabs/Bala 1.prefab
  artifactKey: Guid(7eae3576a602ff642b8bded70f610816) Importer(815301076,1909f56bfc062723c751e8b465ee728b)
Start importing Assets/_prefabs/Bala 1.prefab using Guid(7eae3576a602ff642b8bded70f610816) Importer(815301076,1909f56bfc062723c751e8b465ee728b)  -> (artifact id: '8d9ac3d448799ba784d63b5b8a9ad999') in 0.029849 seconds 
  Import took 0.035648 seconds .

========================================================================
Received Import Request.
  Time since last request: 9.976393 seconds.
  path: Assets/_prefabs/Bala_SG.prefab
  artifactKey: Guid(7eae3576a602ff642b8bded70f610816) Importer(815301076,1909f56bfc062723c751e8b465ee728b)
Start importing Assets/_prefabs/Bala_SG.prefab using Guid(7eae3576a602ff642b8bded70f610816) Importer(815301076,1909f56bfc062723c751e8b465ee728b)  -> (artifact id: '809e5f5b7f2799219e631a072490d1d0') in 0.005656 seconds 
  Import took 0.008481 seconds .

========================================================================
Received Import Request.
  Time since last request: 310.515883 seconds.
  path: Assets/_SoundClips
  artifactKey: Guid(00882467074fc81428a589645cee3465) Importer(815301076,1909f56bfc062723c751e8b465ee728b)
Start importing Assets/_SoundClips using Guid(00882467074fc81428a589645cee3465) Importer(815301076,1909f56bfc062723c751e8b465ee728b)  -> (artifact id: '56400b9742d3868b3c108264d05995f7') in 0.001322 seconds 
  Import took 0.015745 seconds .

========================================================================
Received Import Request.
  Time since last request: 167.025630 seconds.
  path: Assets/_SoundClips/Explosion.mp3
  artifactKey: Guid(8ec681f52a03aaa43822580b8aac6307) Importer(815301076,1909f56bfc062723c751e8b465ee728b)
Start importing Assets/_SoundClips/Explosion.mp3 using Guid(8ec681f52a03aaa43822580b8aac6307) Importer(815301076,1909f56bfc062723c751e8b465ee728b)  -> (artifact id: '228e1f5461db9222e2befc1e56e1b9dc') in 0.029225 seconds 
  Import took 0.033656 seconds .

========================================================================
Received Import Request.
  Time since last request: 5.355560 seconds.
  path: Assets/_SoundClips/SonidoCanon.mp3
  artifactKey: Guid(58cba40238ed5444cbcd537a211a78c5) Importer(815301076,1909f56bfc062723c751e8b465ee728b)
Start importing Assets/_SoundClips/SonidoCanon.mp3 using Guid(58cba40238ed5444cbcd537a211a78c5) Importer(815301076,1909f56bfc062723c751e8b465ee728b)  -> (artifact id: '2937a047585c9d492737ea25b5471028') in 0.008879 seconds 
  Import took 0.013129 seconds .

========================================================================
Received Import Request.
  Time since last request: 52.413820 seconds.
  path: Assets/_SoundClips/Explosion.mp3
  artifactKey: Guid(8ec681f52a03aaa43822580b8aac6307) Importer(815301076,1909f56bfc062723c751e8b465ee728b)
Start importing Assets/_SoundClips/Explosion.mp3 using Guid(8ec681f52a03aaa43822580b8aac6307) Importer(815301076,1909f56bfc062723c751e8b465ee728b)  -> (artifact id: 'f2f8e7bb43feaa1cf6013f4fa2dff8dc') in 0.017061 seconds 
  Import took 0.039581 seconds .

AssetImportWorkerClient::OnTransportError - code=2 error=End of file
